Dummy commit at Wed Apr 23 06:50:00 UTC 2025
Dummy commit at Wed Apr 23 06:53:34 UTC 2025
Dummy commit at Wed Apr 23 16:45:37 UTC 2025
Dummy commit at Thu Apr 24 16:43:26 UTC 2025
Dummy commit at Fri Apr 25 16:42:49 UTC 2025
Dummy commit at Sat Apr 26 16:39:02 UTC 2025
Dummy commit at Sun Apr 27 16:39:38 UTC 2025
Dummy commit at Mon Apr 28 16:42:14 UTC 2025
Dummy commit at Tue Apr 29 16:43:10 UTC 2025
Dummy commit at Wed Apr 30 16:43:38 UTC 2025
Dummy commit at Thu May  1 16:43:14 UTC 2025
Dummy commit at Fri May  2 16:43:09 UTC 2025
Dummy commit at Sat May  3 16:40:14 UTC 2025
Dummy commit at Sun May  4 16:40:23 UTC 2025
Dummy commit at Mon May  5 16:43:55 UTC 2025
Dummy commit at Tue May  6 16:42:52 UTC 2025
Dummy commit at Wed May  7 16:45:07 UTC 2025
Dummy commit at Thu May  8 16:44:47 UTC 2025
Dummy commit at Fri May  9 16:41:36 UTC 2025
Dummy commit at Sat May 10 16:41:45 UTC 2025
Dummy commit at Sun May 11 16:40:44 UTC 2025
Dummy commit at Mon May 12 16:44:52 UTC 2025
Dummy commit at Tue May 13 16:44:51 UTC 2025
Dummy commit at Wed May 14 16:44:07 UTC 2025
Dummy commit at Thu May 15 16:44:41 UTC 2025
Dummy commit at Fri May 16 16:43:16 UTC 2025
Dummy commit at Sat May 17 16:41:31 UTC 2025
Dummy commit at Sun May 18 16:40:25 UTC 2025
Dummy commit at Mon May 19 16:44:46 UTC 2025
Dummy commit at Tue May 20 16:44:12 UTC 2025
Dummy commit at Wed May 21 16:44:52 UTC 2025
Dummy commit at Thu May 22 16:44:16 UTC 2025
Dummy commit at Fri May 23 16:42:58 UTC 2025
Dummy commit at Sat May 24 16:40:34 UTC 2025
Dummy commit at Sun May 25 16:42:19 UTC 2025
Dummy commit at Mon May 26 16:43:34 UTC 2025
Dummy commit at Tue May 27 16:45:01 UTC 2025
Dummy commit at Wed May 28 16:44:01 UTC 2025
Dummy commit at Thu May 29 16:44:48 UTC 2025
Dummy commit at Fri May 30 16:44:02 UTC 2025
Dummy commit at Sat May 31 16:42:58 UTC 2025
Dummy commit at Sun Jun  1 16:42:38 UTC 2025
Dummy commit at Mon Jun  2 16:46:42 UTC 2025
Dummy commit at Tue Jun  3 16:47:00 UTC 2025
Dummy commit at Wed Jun  4 16:42:21 UTC 2025
Dummy commit at Thu Jun  5 16:44:11 UTC 2025
Dummy commit at Fri Jun  6 16:45:04 UTC 2025
Dummy commit at Sat Jun  7 16:43:31 UTC 2025
Dummy commit at Sun Jun  8 16:42:03 UTC 2025
Dummy commit at Mon Jun  9 16:46:28 UTC 2025
Dummy commit at Tue Jun 10 16:45:07 UTC 2025
Dummy commit at Wed Jun 11 16:45:35 UTC 2025
Dummy commit at Thu Jun 12 16:45:14 UTC 2025
Dummy commit at Fri Jun 13 16:44:49 UTC 2025
Dummy commit at Sat Jun 14 16:41:18 UTC 2025
Dummy commit at Sun Jun 15 16:42:54 UTC 2025
Dummy commit at Mon Jun 16 16:45:19 UTC 2025
Dummy commit at Tue Jun 17 16:46:38 UTC 2025
Dummy commit at Wed Jun 18 16:46:38 UTC 2025
Dummy commit at Thu Jun 19 16:44:34 UTC 2025
Dummy commit at Fri Jun 20 16:44:08 UTC 2025
Dummy commit at Sat Jun 21 16:43:15 UTC 2025
Dummy commit at Sun Jun 22 16:42:48 UTC 2025
Dummy commit at Mon Jun 23 16:46:18 UTC 2025
Dummy commit at Tue Jun 24 16:45:44 UTC 2025
Dummy commit at Wed Jun 25 16:46:35 UTC 2025
Dummy commit at Thu Jun 26 16:44:55 UTC 2025
Dummy commit at Fri Jun 27 16:43:22 UTC 2025
Dummy commit at Sat Jun 28 16:42:49 UTC 2025
Dummy commit at Sun Jun 29 16:43:09 UTC 2025
Dummy commit at Mon Jun 30 16:45:40 UTC 2025
Dummy commit at Tue Jul  1 16:46:25 UTC 2025
Dummy commit at Wed Jul  2 16:45:41 UTC 2025
Dummy commit at Thu Jul  3 16:45:39 UTC 2025
Dummy commit at Fri Jul  4 16:43:40 UTC 2025
Dummy commit at Sat Jul  5 16:42:28 UTC 2025
Dummy commit at Sun Jul  6 16:43:37 UTC 2025
Dummy commit at Mon Jul  7 16:45:59 UTC 2025
Dummy commit at Tue Jul  8 16:46:11 UTC 2025
Dummy commit at Wed Jul  9 16:46:36 UTC 2025
Dummy commit at Thu Jul 10 16:47:37 UTC 2025
Dummy commit at Fri Jul 11 16:45:40 UTC 2025
Dummy commit at Sat Jul 12 16:43:17 UTC 2025
Dummy commit at Sun Jul 13 16:43:10 UTC 2025
Dummy commit at Mon Jul 14 16:47:07 UTC 2025
Dummy commit at Tue Jul 15 16:47:19 UTC 2025
Dummy commit at Wed Jul 16 16:48:09 UTC 2025
Dummy commit at Thu Jul 17 16:47:27 UTC 2025
Dummy commit at Fri Jul 18 16:47:33 UTC 2025
Dummy commit at Sat Jul 19 16:46:10 UTC 2025
Dummy commit at Sun Jul 20 16:44:03 UTC 2025
Dummy commit at Mon Jul 21 16:48:39 UTC 2025
Dummy commit at Tue Jul 22 16:48:21 UTC 2025
Dummy commit at Wed Jul 23 16:48:51 UTC 2025
Dummy commit at Thu Jul 24 16:45:48 UTC 2025
Dummy commit at Fri Jul 25 16:46:46 UTC 2025
Dummy commit at Sat Jul 26 16:45:00 UTC 2025
Dummy commit at Sun Jul 27 16:44:12 UTC 2025
Dummy commit at Mon Jul 28 16:49:15 UTC 2025
Dummy commit at Tue Jul 29 16:49:29 UTC 2025
Dummy commit at Wed Jul 30 16:47:09 UTC 2025
Dummy commit at Thu Jul 31 16:48:13 UTC 2025
Dummy commit at Fri Aug  1 16:48:28 UTC 2025
Dummy commit at Sat Aug  2 16:45:45 UTC 2025
Dummy commit at Sun Aug  3 16:45:16 UTC 2025
Dummy commit at Mon Aug  4 16:50:35 UTC 2025
Dummy commit at Tue Aug  5 16:42:16 UTC 2025
Dummy commit at Wed Aug  6 16:48:33 UTC 2025
Dummy commit at Thu Aug  7 16:47:52 UTC 2025
Dummy commit at Fri Aug  8 16:43:47 UTC 2025
Dummy commit at Sat Aug  9 16:43:38 UTC 2025
Dummy commit at Sun Aug 10 16:43:46 UTC 2025
Dummy commit at Mon Aug 11 16:47:35 UTC 2025
Dummy commit at Tue Aug 12 16:46:19 UTC 2025
Dummy commit at Wed Aug 13 16:41:28 UTC 2025
Dummy commit at Thu Aug 14 16:45:50 UTC 2025
Dummy commit at Fri Aug 15 16:44:44 UTC 2025
Dummy commit at Sat Aug 16 16:41:41 UTC 2025
Dummy commit at Sun Aug 17 16:42:34 UTC 2025
Dummy commit at Mon Aug 18 16:46:29 UTC 2025
Dummy commit at Tue Aug 19 16:43:21 UTC 2025
Dummy commit at Wed Aug 20 16:42:40 UTC 2025
Dummy commit at Thu Aug 21 16:48:28 UTC 2025
Dummy commit at Fri Aug 22 16:42:12 UTC 2025
Dummy commit at Sat Aug 23 16:38:15 UTC 2025
Dummy commit at Sun Aug 24 16:40:10 UTC 2025
Dummy commit at Mon Aug 25 16:43:42 UTC 2025
Dummy commit at Tue Aug 26 16:42:38 UTC 2025
Dummy commit at Wed Aug 27 16:42:34 UTC 2025
Dummy commit at Thu Aug 28 16:42:14 UTC 2025
Dummy commit at Fri Aug 29 16:42:10 UTC 2025
Dummy commit at Sat Aug 30 16:38:31 UTC 2025
Dummy commit at Sun Aug 31 16:38:03 UTC 2025
Dummy commit at Mon Sep  1 16:40:53 UTC 2025
Dummy commit at Tue Sep  2 16:42:44 UTC 2025
Dummy commit at Wed Sep  3 16:41:31 UTC 2025
Dummy commit at Thu Sep  4 16:41:33 UTC 2025
Dummy commit at Fri Sep  5 16:37:48 UTC 2025
Dummy commit at Sat Sep  6 16:35:33 UTC 2025
Dummy commit at Sun Sep  7 16:35:27 UTC 2025
Dummy commit at Mon Sep  8 16:41:45 UTC 2025
Dummy commit at Tue Sep  9 16:42:11 UTC 2025
Dummy commit at Wed Sep 10 16:42:01 UTC 2025
Dummy commit at Thu Sep 11 04:45:43 UTC 2025
Dummy commit at Thu Sep 11 16:35:58 UTC 2025
Dummy commit at Fri Sep 12 16:33:47 UTC 2025
Dummy commit at Sat Sep 13 16:32:02 UTC 2025
Dummy commit at Sun Sep 14 16:32:45 UTC 2025
Dummy commit at Mon Sep 15 16:38:31 UTC 2025
Dummy commit at Tue Sep 16 16:38:02 UTC 2025
Dummy commit at Wed Sep 17 16:37:36 UTC 2025
Dummy commit at Thu Sep 18 16:36:58 UTC 2025
Dummy commit at Fri Sep 19 16:36:46 UTC 2025
Dummy commit at Sat Sep 20 16:33:19 UTC 2025
Dummy commit at Sun Sep 21 16:34:51 UTC 2025
Dummy commit at Mon Sep 22 16:39:23 UTC 2025
Dummy commit at Tue Sep 23 16:38:38 UTC 2025
Dummy commit at Wed Sep 24 16:39:50 UTC 2025
Dummy commit at Thu Sep 25 16:38:45 UTC 2025
Dummy commit at Fri Sep 26 16:38:02 UTC 2025
Dummy commit at Sat Sep 27 16:33:53 UTC 2025
Dummy commit at Sun Sep 28 16:33:34 UTC 2025
Dummy commit at Mon Sep 29 16:32:21 UTC 2025
Dummy commit at Tue Sep 30 16:38:47 UTC 2025
Dummy commit at Wed Oct  1 16:38:29 UTC 2025
Dummy commit at Thu Oct  2 16:37:09 UTC 2025
Dummy commit at Fri Oct  3 16:36:15 UTC 2025
Dummy commit at Sat Oct  4 16:34:15 UTC 2025
Dummy commit at Sun Oct  5 16:33:56 UTC 2025
Dummy commit at Mon Oct  6 16:37:40 UTC 2025
Dummy commit at Tue Oct  7 16:38:26 UTC 2025
Dummy commit at Wed Oct  8 16:38:50 UTC 2025
Dummy commit at Thu Oct  9 16:42:29 UTC 2025
Dummy commit at Fri Oct 10 16:38:10 UTC 2025
Dummy commit at Sat Oct 11 16:33:43 UTC 2025
Dummy commit at Sun Oct 12 16:34:06 UTC 2025
Dummy commit at Mon Oct 13 16:39:19 UTC 2025
Dummy commit at Tue Oct 14 16:39:36 UTC 2025
Dummy commit at Wed Oct 15 16:35:55 UTC 2025
Dummy commit at Thu Oct 16 16:40:39 UTC 2025
Dummy commit at Fri Oct 17 16:38:11 UTC 2025
Dummy commit at Sat Oct 18 16:34:46 UTC 2025
Dummy commit at Sun Oct 19 16:34:58 UTC 2025
Dummy commit at Mon Oct 20 16:39:53 UTC 2025
Dummy commit at Tue Oct 21 16:38:45 UTC 2025
Dummy commit at Wed Oct 22 16:43:25 UTC 2025
Dummy commit at Thu Oct 23 16:40:33 UTC 2025
Dummy commit at Fri Oct 24 16:40:16 UTC 2025
Dummy commit at Sat Oct 25 16:36:01 UTC 2025
Dummy commit at Sun Oct 26 16:36:01 UTC 2025
Dummy commit at Mon Oct 27 16:43:04 UTC 2025
Dummy commit at Tue Oct 28 16:44:10 UTC 2025
Dummy commit at Wed Oct 29 16:44:34 UTC 2025
Dummy commit at Thu Oct 30 16:42:35 UTC 2025
Dummy commit at Fri Oct 31 16:41:47 UTC 2025
Dummy commit at Sat Nov  1 16:34:16 UTC 2025
Dummy commit at Sun Nov  2 16:35:14 UTC 2025
Dummy commit at Mon Nov  3 16:39:54 UTC 2025
Dummy commit at Tue Nov  4 16:40:41 UTC 2025
Dummy commit at Wed Nov  5 16:44:25 UTC 2025
Dummy commit at Thu Nov  6 16:55:25 UTC 2025
Dummy commit at Fri Nov  7 16:37:15 UTC 2025
Dummy commit at Sat Nov  8 16:35:42 UTC 2025
Dummy commit at Sun Nov  9 16:35:38 UTC 2025
Dummy commit at Mon Nov 10 16:44:30 UTC 2025
Dummy commit at Tue Nov 11 16:43:03 UTC 2025
Dummy commit at Wed Nov 12 16:44:47 UTC 2025
Dummy commit at Thu Nov 13 16:41:38 UTC 2025
Dummy commit at Fri Nov 14 16:43:14 UTC 2025
Dummy commit at Sat Nov 15 16:35:47 UTC 2025
Dummy commit at Sun Nov 16 16:36:31 UTC 2025
Dummy commit at Mon Nov 17 16:44:20 UTC 2025
Dummy commit at Tue Nov 18 16:45:36 UTC 2025
Dummy commit at Wed Nov 19 16:43:53 UTC 2025
Dummy commit at Thu Nov 20 16:44:42 UTC 2025
Dummy commit at Fri Nov 21 16:37:55 UTC 2025
Dummy commit at Sat Nov 22 16:36:25 UTC 2025
Dummy commit at Sun Nov 23 16:37:06 UTC 2025
Dummy commit at Mon Nov 24 16:37:05 UTC 2025
Dummy commit at Tue Nov 25 16:46:05 UTC 2025
Dummy commit at Wed Nov 26 16:44:31 UTC 2025
Dummy commit at Thu Nov 27 16:41:46 UTC 2025
Dummy commit at Fri Nov 28 16:40:18 UTC 2025
Dummy commit at Sat Nov 29 16:37:53 UTC 2025
Dummy commit at Sun Nov 30 16:38:25 UTC 2025
Dummy commit at Mon Dec  1 16:46:27 UTC 2025
Dummy commit at Tue Dec  2 16:47:42 UTC 2025
Dummy commit at Wed Dec  3 16:47:25 UTC 2025
Dummy commit at Thu Dec  4 16:47:24 UTC 2025
Dummy commit at Fri Dec  5 16:43:56 UTC 2025
Dummy commit at Sat Dec  6 16:37:30 UTC 2025
Dummy commit at Sun Dec  7 16:37:00 UTC 2025
Dummy commit at Mon Dec  8 16:45:31 UTC 2025
Dummy commit at Tue Dec  9 16:45:02 UTC 2025
Dummy commit at Wed Dec 10 16:45:53 UTC 2025
Dummy commit at Thu Dec 11 16:50:13 UTC 2025
Dummy commit at Fri Dec 12 16:42:54 UTC 2025
Dummy commit at Sat Dec 13 16:39:32 UTC 2025
Dummy commit at Sun Dec 14 16:39:20 UTC 2025
Dummy commit at Mon Dec 15 16:49:49 UTC 2025
Dummy commit at Tue Dec 16 16:48:03 UTC 2025
Dummy commit at Wed Dec 17 16:47:45 UTC 2025
Dummy commit at Thu Dec 18 16:48:12 UTC 2025
Dummy commit at Fri Dec 19 16:44:35 UTC 2025
Dummy commit at Sat Dec 20 16:38:20 UTC 2025
Dummy commit at Sun Dec 21 16:39:20 UTC 2025
Dummy commit at Mon Dec 22 16:44:32 UTC 2025
Dummy commit at Tue Dec 23 16:45:22 UTC 2025
Dummy commit at Wed Dec 24 16:42:14 UTC 2025
Dummy commit at Thu Dec 25 16:43:08 UTC 2025
Dummy commit at Fri Dec 26 16:40:02 UTC 2025
Dummy commit at Sat Dec 27 16:40:42 UTC 2025
Dummy commit at Sun Dec 28 16:41:11 UTC 2025
Dummy commit at Mon Dec 29 16:43:22 UTC 2025
Dummy commit at Tue Dec 30 16:45:45 UTC 2025
Dummy commit at Wed Dec 31 16:43:19 UTC 2025
Dummy commit at Thu Jan  1 16:44:00 UTC 2026
Dummy commit at Fri Jan  2 16:43:04 UTC 2026
Dummy commit at Sat Jan  3 16:40:54 UTC 2026
Dummy commit at Sun Jan  4 16:40:33 UTC 2026
